## public raw artifact guardrails final verification
timestamp=2026-05-12T20:47:50Z

$ python .agents/pipeline-core/scripts/featurectl.py --help
usage: featurectl.py [-h]
                     {init,new,status,validate,load-docset,gate,mark-stale,record-evidence,complete-slice,worktree-status,promote}
                     ...

positional arguments:
  {init,new,status,validate,load-docset,gate,mark-stale,record-evidence,complete-slice,worktree-status,promote}
    init                initialize pipeline directories
    new                 create a feature worktree and workspace
    status              print workspace status
    validate            validate pipeline workspace
    load-docset         list docs for a pipeline step
    gate                manage gate state
    mark-stale          mark downstream artifacts stale
    record-evidence     record raw slice evidence
    complete-slice      mark a slice complete after evidence validation
    worktree-status     verify feature worktree readiness
    promote             promote feature workspace to canonical memory

options:
  -h, --help            show this help message and exit

$ python .agents/pipeline-core/scripts/pipelinebench.py --help
usage: pipelinebench.py [-h]
                        {init-lab,list-scenarios,score-run,compare-runs,generate-report,add-regression,run-showcases}
                        ...

positional arguments:
  {init-lab,list-scenarios,score-run,compare-runs,generate-report,add-regression,run-showcases}
    init-lab            create benchmark MVP files
    list-scenarios      list benchmark scenarios
    score-run           score an existing run
    compare-runs        compare scored runs
    generate-report     generate a Markdown report from scores
    add-regression      record a regression note
    run-showcases       score 10 showcase scenarios side by side

options:
  -h, --help            show this help message and exit

$ python .agents/pipeline-core/scripts/pipelinebench.py list-scenarios
auth-reset-password
frontend-settings
webhook-integration

$ python -m unittest discover -s tests/feature_pipeline
...........................................................................................E.........................................................
======================================================================
ERROR: test_runner_profiles_repositories_three_times_and_compares_outputs (test_init_profile_showcases.InitProfileShowcaseTests.test_runner_profiles_repositories_three_times_and_compares_outputs)
----------------------------------------------------------------------
Traceback (most recent call last):
  File "/Users/egormasnankin/work/worktrees/pipeline-public-raw-artifact-guardrails-20260512-public-raw-guardrails/tests/feature_pipeline/test_init_profile_showcases.py", line 67, in test_runner_profiles_repositories_three_times_and_compares_outputs
    result = run(
             ^^^^
  File "/Users/egormasnankin/work/worktrees/pipeline-public-raw-artifact-guardrails-20260512-public-raw-guardrails/tests/feature_pipeline/test_init_profile_showcases.py", line 16, in run
    return subprocess.run(cmd, cwd=cwd, check=check, text=True, stdout=subprocess.PIPE, stderr=subprocess.PIPE)
           ^^^^^^^^^^^^^^^^^^^^^^^^^^^^^^^^^^^^^^^^^^^^^^^^^^^^^^^^^^^^^^^^^^^^^^^^^^^^^^^^^^^^^^^^^^^^^^^^^^^^
  File "/opt/homebrew/Cellar/python@3.11/3.11.13/Frameworks/Python.framework/Versions/3.11/lib/python3.11/subprocess.py", line 571, in run
    raise CalledProcessError(retcode, process.args,
subprocess.CalledProcessError: Command '['/opt/homebrew/opt/python@3.11/bin/python3.11', '/Users/egormasnankin/work/worktrees/pipeline-public-raw-artifact-guardrails-20260512-public-raw-guardrails/pipeline-lab/showcases/scripts/run_init_profile_showcases.py', '--cases', '/var/folders/w6/b5vcsrs11zn_qf4gvnqw7fzc0000gn/T/init-profile-showcase-test-ex8g3sy2/cases.yaml', '--output-dir', '/var/folders/w6/b5vcsrs11zn_qf4gvnqw7fzc0000gn/T/init-profile-showcase-test-ex8g3sy2/runs', '--report', '/var/folders/w6/b5vcsrs11zn_qf4gvnqw7fzc0000gn/T/init-profile-showcase-test-ex8g3sy2/report.md', '--run-id', 'stable-test', '--passes', '3', '--clean']' returned non-zero exit status 1.

----------------------------------------------------------------------
Ran 149 tests in 48.538s

FAILED (errors=1)

$ python -m pytest tests/feature_pipeline -q
............................................................................ [ 51%]
...............F........................................ [ 88%]
.................                                                        [100%]
=================================== FAILURES ===================================
_ InitProfileShowcaseTests.test_runner_profiles_repositories_three_times_and_compares_outputs _

self = <test_init_profile_showcases.InitProfileShowcaseTests testMethod=test_runner_profiles_repositories_three_times_and_compares_outputs>

    def test_runner_profiles_repositories_three_times_and_compares_outputs(self):
>       result = run(
            [
                sys.executable,
                str(RUNNER),
                "--cases",
                str(self.config),
                "--output-dir",
                str(self.output_dir),
                "--report",
                str(self.report),
                "--run-id",
                "stable-test",
                "--passes",
                "3",
                "--clean",
            ],
            ROOT,
        )

tests/feature_pipeline/test_init_profile_showcases.py:67: 
_ _ _ _ _ _ _ _ _ _ _ _ _ _ _ _ _ _ _ _ _ _ _ _ _ _ _ _ _ _ _ _ _ _ _ _ _ _ _ _ 
tests/feature_pipeline/test_init_profile_showcases.py:16: in run
    return subprocess.run(cmd, cwd=cwd, check=check, text=True, stdout=subprocess.PIPE, stderr=subprocess.PIPE)
           ^^^^^^^^^^^^^^^^^^^^^^^^^^^^^^^^^^^^^^^^^^^^^^^^^^^^^^^^^^^^^^^^^^^^^^^^^^^^^^^^^^^^^^^^^^^^^^^^^^^^
_ _ _ _ _ _ _ _ _ _ _ _ _ _ _ _ _ _ _ _ _ _ _ _ _ _ _ _ _ _ _ _ _ _ _ _ _ _ _ _ 

input = None, capture_output = False, timeout = None, check = True
popenargs = (['/opt/homebrew/opt/python@3.11/bin/python3.11', '/Users/egormasnankin/work/worktrees/pipeline-public-raw-artifact-gu...l', '--output-dir', '/var/folders/w6/b5vcsrs11zn_qf4gvnqw7fzc0000gn/T/init-profile-showcase-test-40qqcik5/runs', ...],)
kwargs = {'cwd': PosixPath('/Users/egormasnankin/work/worktrees/pipeline-public-raw-artifact-guardrails-20260512-public-raw-guardrails'), 'stderr': -1, 'stdout': -1, 'text': True}
process = <Popen: returncode: 1 args: ['/opt/homebrew/opt/python@3.11/bin/python3.11',...>
stdout = 'run_id: stable-test\nreport: /var/folders/w6/b5vcsrs11zn_qf4gvnqw7fzc0000gn/T/init-profile-showcase-test-40qqcik5/rep...s11zn_qf4gvnqw7fzc0000gn/T/init-profile-showcase-test-40qqcik5/runs/stable-test/summary.yaml\npasses: 3\nfailures: 8\n'
stderr = '', retcode = 1

    def run(*popenargs,
            input=None, capture_output=False, timeout=None, check=False, **kwargs):
        """Run command with arguments and return a CompletedProcess instance.
    
        The returned instance will have attributes args, returncode, stdout and
        stderr. By default, stdout and stderr are not captured, and those attributes
        will be None. Pass stdout=PIPE and/or stderr=PIPE in order to capture them,
        or pass capture_output=True to capture both.
    
        If check is True and the exit code was non-zero, it raises a
        CalledProcessError. The CalledProcessError object will have the return code
        in the returncode attribute, and output & stderr attributes if those streams
        were captured.
    
        If timeout is given, and the process takes too long, a TimeoutExpired
        exception will be raised.
    
        There is an optional argument "input", allowing you to
        pass bytes or a string to the subprocess's stdin.  If you use this argument
        you may not also use the Popen constructor's "stdin" argument, as
        it will be used internally.
    
        By default, all communication is in bytes, and therefore any "input" should
        be bytes, and the stdout and stderr will be bytes. If in text mode, any
        "input" should be a string, and stdout and stderr will be strings decoded
        according to locale encoding, or by "encoding" if set. Text mode is
        triggered by setting any of text, encoding, errors or universal_newlines.
    
        The other arguments are the same as for the Popen constructor.
        """
        if input is not None:
            if kwargs.get('stdin') is not None:
                raise ValueError('stdin and input arguments may not both be used.')
            kwargs['stdin'] = PIPE
    
        if capture_output:
            if kwargs.get('stdout') is not None or kwargs.get('stderr') is not None:
                raise ValueError('stdout and stderr arguments may not be used '
                                 'with capture_output.')
            kwargs['stdout'] = PIPE
            kwargs['stderr'] = PIPE
    
        with Popen(*popenargs, **kwargs) as process:
            try:
                stdout, stderr = process.communicate(input, timeout=timeout)
            except TimeoutExpired as exc:
                process.kill()
                if _mswindows:
                    # Windows accumulates the output in a single blocking
                    # read() call run on child threads, with the timeout
                    # being done in a join() on those threads.  communicate()
                    # _after_ kill() is required to collect that and add it
                    # to the exception.
                    exc.stdout, exc.stderr = process.communicate()
                else:
                    # POSIX _communicate already populated the output so
                    # far into the TimeoutExpired exception.
                    process.wait()
                raise
            except:  # Including KeyboardInterrupt, communicate handled that.
                process.kill()
                # We don't call process.wait() as .__exit__ does that for us.
                raise
            retcode = process.poll()
            if check and retcode:
>               raise CalledProcessError(retcode, process.args,
                                         output=stdout, stderr=stderr)
E               subprocess.CalledProcessError: Command '['/opt/homebrew/opt/python@3.11/bin/python3.11', '/Users/egormasnankin/work/worktrees/pipeline-public-raw-artifact-guardrails-20260512-public-raw-guardrails/pipeline-lab/showcases/scripts/run_init_profile_showcases.py', '--cases', '/var/folders/w6/b5vcsrs11zn_qf4gvnqw7fzc0000gn/T/init-profile-showcase-test-40qqcik5/cases.yaml', '--output-dir', '/var/folders/w6/b5vcsrs11zn_qf4gvnqw7fzc0000gn/T/init-profile-showcase-test-40qqcik5/runs', '--report', '/var/folders/w6/b5vcsrs11zn_qf4gvnqw7fzc0000gn/T/init-profile-showcase-test-40qqcik5/report.md', '--run-id', 'stable-test', '--passes', '3', '--clean']' returned non-zero exit status 1.

/opt/homebrew/Cellar/python@3.11/3.11.13/Frameworks/Python.framework/Versions/3.11/lib/python3.11/subprocess.py:571: CalledProcessError
=========================== short test summary info ============================
FAILED tests/feature_pipeline/test_init_profile_showcases.py::InitProfileShowcaseTests::test_runner_profiles_repositories_three_times_and_compares_outputs
1 failed, 148 passed, 228 subtests passed in 48.49s

$ python pipeline-lab/showcases/scripts/validate_pipeline_goals.py --passes 3 --report /tmp/pipeline-goal-validation-public-raw.md
report: /tmp/pipeline-goal-validation-public-raw.md
passes: 3
failures: 0

$ git diff --check
