....F......F                                                             [100%]
=================================== FAILURES ===================================
_ GatesAndEvidenceTests.test_events_schema_exists_and_describes_required_event_shapes _

self = <test_gates_and_evidence.GatesAndEvidenceTests testMethod=test_events_schema_exists_and_describes_required_event_shapes>

    def test_events_schema_exists_and_describes_required_event_shapes(self):
        schema_path = ROOT / ".agents/pipeline-core/scripts/schemas/events.schema.json"
    
        self.assertTrue(schema_path.exists())
        schema = yaml.safe_load(schema_path.read_text(encoding="utf-8"))
        self.assertIn("events", schema["required"])
        event_schema = schema["$defs"]["event"]
>       self.assertFalse(event_schema["additionalProperties"])
E       AssertionError: True is not false

tests/feature_pipeline/test_gates_and_evidence.py:88: AssertionError
_ GatesAndEvidenceTests.test_validate_rejects_unknown_event_type_extra_fields_and_bad_timestamp _

self = <test_gates_and_evidence.GatesAndEvidenceTests testMethod=test_validate_rejects_unknown_event_type_extra_fields_and_bad_timestamp>

    def test_validate_rejects_unknown_event_type_extra_fields_and_bad_timestamp(self):
        workspace = self.create_workspace("run-strict-events")
        events_path = workspace / "events.yaml"
        events = yaml.safe_load(events_path.read_text(encoding="utf-8"))
        events["events"].extend(
            [
                {
                    "timestamp": "2026-05-13T15:20:00Z",
                    "event_type": "unexpected_event",
                    "feature_key": "auth/reset-password",
                },
                {
                    "timestamp": "2026-05-13T15:21:00Z",
                    "event_type": "slice_completed",
                    "feature_key": "auth/reset-password",
                    "slice": "S-001",
                    "attempt": 1,
                    "reason": "initial",
                    "extra": "not-allowed",
                },
                {
                    "timestamp": "not-a-dateZ",
                    "event_type": "review_completed",
                    "feature_key": "auth/reset-password",
                    "review_id": "R-001",
                    "result": "passed",
                },
            ]
        )
        events_path.write_text(yaml.safe_dump(events, sort_keys=False), encoding="utf-8")
    
        result = run([sys.executable, str(SCRIPT), "validate", "--workspace", str(workspace)], self.repo, check=False)
    
>       self.assertNotEqual(result.returncode, 0)
E       AssertionError: 0 == 0

tests/feature_pipeline/test_gates_and_evidence.py:168: AssertionError
=========================== short test summary info ============================
FAILED tests/feature_pipeline/test_gates_and_evidence.py::GatesAndEvidenceTests::test_events_schema_exists_and_describes_required_event_shapes
FAILED tests/feature_pipeline/test_gates_and_evidence.py::GatesAndEvidenceTests::test_validate_rejects_unknown_event_type_extra_fields_and_bad_timestamp
2 failed, 10 passed in 3.61s