....F.....F                                                              [100%]
=================================== FAILURES ===================================
_ GatesAndEvidenceTests.test_events_schema_exists_and_describes_required_event_shapes _

self = <test_gates_and_evidence.GatesAndEvidenceTests testMethod=test_events_schema_exists_and_describes_required_event_shapes>

    def test_events_schema_exists_and_describes_required_event_shapes(self):
        schema_path = ROOT / ".agents/pipeline-core/scripts/schemas/events.schema.json"
    
>       self.assertTrue(schema_path.exists())
E       AssertionError: False is not true

tests/feature_pipeline/test_gates_and_evidence.py:84: AssertionError
__ GatesAndEvidenceTests.test_validate_rejects_invalid_events_sidecar_records __

self = <test_gates_and_evidence.GatesAndEvidenceTests testMethod=test_validate_rejects_invalid_events_sidecar_records>

    def test_validate_rejects_invalid_events_sidecar_records(self):
        workspace = self.create_workspace("run-invalid-events")
        events_path = workspace / "events.yaml"
        events = yaml.safe_load(events_path.read_text(encoding="utf-8"))
        events["events"].append(
            {
                "timestamp": "2026-05-13T15:20:00Z",
                "event_type": "gate_status_changed",
                "feature_key": "auth/reset-password",
                "old_status": "pending",
                "new_status": "approved",
            }
        )
        events_path.write_text(yaml.safe_dump(events, sort_keys=False), encoding="utf-8")
    
        result = run([sys.executable, str(SCRIPT), "validate", "--workspace", str(workspace)], self.repo, check=False)
    
>       self.assertNotEqual(result.returncode, 0)
E       AssertionError: 0 == 0

tests/feature_pipeline/test_gates_and_evidence.py:115: AssertionError
=========================== short test summary info ============================
FAILED tests/feature_pipeline/test_gates_and_evidence.py::GatesAndEvidenceTests::test_events_schema_exists_and_describes_required_event_shapes
FAILED tests/feature_pipeline/test_gates_and_evidence.py::GatesAndEvidenceTests::test_validate_rejects_invalid_events_sidecar_records
2 failed, 9 passed in 3.63s